Removed Pin From Net: NetName=GND Pin=JOY_STICK-1
Removed Pin From Net: NetName=+5 Pin=JOY_STICK-2
Removed Pin From Net: NetName=NetP3_3 Pin=JOY_STICK-3
Removed Pin From Net: NetName=NetP3_4 Pin=JOY_STICK-4
Change Component Designator: OldDesignator=JOY_STICK NewDesignator=P1
Change Component Designator: OldDesignator=NRF NewDesignator=P2
Change Component Designator: OldDesignator=POWER NewDesignator=P4
Added Component: Designator=P3(HDR1X4)
Added Pin To Net: NetName=NetP1_3 Pin=P1-3
Added Pin To Net: NetName=NetP1_4 Pin=P1-4
Added Pin To Net: NetName=GND Pin=P3-1
Added Pin To Net: NetName=NetP3_3 Pin=P3-3
Added Pin To Net: NetName=NetP3_4 Pin=P3-4
Added Pin To Net: NetName=+5 Pin=U1-27
Added Pin To Net: NetName=NetP1_2 Pin=P1-2
Added Pin To Net: NetName=NetP1_2 Pin=P3-2
Added Net: Name=NetP1_2
Added Member To Class: ClassName=Sheet1 Member=Component P2 NRF24
Added Member To Class: ClassName=Sheet1 Member=Component P3 JoyStick
Added Member To Class: ClassName=Sheet1 Member=Component P4 Battery
