Removed Pin From Net: NetName=GND Pin=JOY_STICK-1
Removed Pin From Net: NetName=+5 Pin=JOY_STICK-2
Change Component Designator: OldDesignator=JOY_STICK NewDesignator=P2
Change Component Designator: OldDesignator=NRF NewDesignator=P3
Added Component: Designator=P1(HDR1X2)
Added Component: Designator=P4(HDR1X4)
Added Component: Designator=P5(HDR1X2)
Added Pin To Net: NetName=GND Pin=P4-1
Added Pin To Net: NetName=+5 Pin=P4-2
Added Pin To Net: NetName=GND Pin=P5-1
Added Pin To Net: NetName=+5 Pin=P5-2
Added Pin To Net: NetName=NetP2_3 Pin=P2-3
Added Pin To Net: NetName=NetP2_3 Pin=U1-22
Added Net: Name=NetP2_3
Added Pin To Net: NetName=NetP2_4 Pin=P2-4
Added Pin To Net: NetName=NetP2_4 Pin=U1-21
Added Net: Name=NetP2_4
Added Pin To Net: NetName=NetP4_3 Pin=P4-3
Added Pin To Net: NetName=NetP4_3 Pin=U1-20
Added Net: Name=NetP4_3
Added Pin To Net: NetName=NetP4_4 Pin=P4-4
Added Pin To Net: NetName=NetP4_4 Pin=U1-19
Added Net: Name=NetP4_4
Added Member To Class: ClassName=Sheet1 Member=Component P1 Header 2
Added Member To Class: ClassName=Sheet1 Member=Component P4 JoyStick
Added Member To Class: ClassName=Sheet1 Member=Component P5 Battery
