Added Component: Designator=P1(HDR1X4)
Added Component: Designator=P2(HDR1X7)
Added Component: Designator=P3(HDR1X4)
Added Component: Designator=P4(HDR1X2)
Added Component: Designator=P5(HDR1X4)
Added Component: Designator=P6(HDR1X2)
Added Component: Designator=P7(HDR1X8)
Added Component: Designator=P8(HDR1X7)
Added Component: Designator=U1(PCBComponent_1)
Added Component: Designator=U2(PCBComponent_1)
Added Component: Designator=U3(PCBComponent_1)
Added Pin To Net: NetName=+5 Pin=P1-2
Added Pin To Net: NetName=+5 Pin=P3-2
Added Pin To Net: NetName=+5 Pin=P4-2
Added Pin To Net: NetName=+5 Pin=P6-2
Added Pin To Net: NetName=+5 Pin=P7-1
Added Pin To Net: NetName=+5 Pin=U1-27
Added Pin To Net: NetName=+5 Pin=U1-30
Added Pin To Net: NetName=+5 Pin=U2-30
Added Pin To Net: NetName=+5 Pin=U3-30
Added Net: Name=+5
Added Pin To Net: NetName=3.3V Pin=P8-6
Added Pin To Net: NetName=3.3V Pin=U2-17
Added Net: Name=3.3V
Added Pin To Net: NetName=3V3 Pin=P2-6
Added Pin To Net: NetName=3V3 Pin=U1-17
Added Net: Name=3V3
Added Pin To Net: NetName=CE Pin=P2-5
Added Pin To Net: NetName=CE Pin=P8-5
Added Pin To Net: NetName=CE Pin=U1-11
Added Pin To Net: NetName=CE Pin=U2-11
Added Net: Name=CE
Added Pin To Net: NetName=CSN Pin=P2-4
Added Pin To Net: NetName=CSN Pin=P8-4
Added Pin To Net: NetName=CSN Pin=U1-12
Added Pin To Net: NetName=CSN Pin=U2-12
Added Net: Name=CSN
Added Pin To Net: NetName=GND Pin=P1-1
Added Pin To Net: NetName=GND Pin=P2-7
Added Pin To Net: NetName=GND Pin=P3-1
Added Pin To Net: NetName=GND Pin=P4-1
Added Pin To Net: NetName=GND Pin=P6-1
Added Pin To Net: NetName=GND Pin=P7-2
Added Pin To Net: NetName=GND Pin=P8-7
Added Pin To Net: NetName=GND Pin=U1-29
Added Pin To Net: NetName=GND Pin=U2-29
Added Pin To Net: NetName=GND Pin=U3-29
Added Net: Name=GND
Added Pin To Net: NetName=MISO Pin=P2-1
Added Pin To Net: NetName=MISO Pin=P8-1
Added Pin To Net: NetName=MISO Pin=U1-15
Added Pin To Net: NetName=MISO Pin=U2-15
Added Net: Name=MISO
Added Pin To Net: NetName=MOSI Pin=P2-2
Added Pin To Net: NetName=MOSI Pin=P8-2
Added Pin To Net: NetName=MOSI Pin=U1-14
Added Pin To Net: NetName=MOSI Pin=U2-14
Added Net: Name=MOSI
Added Pin To Net: NetName=NetP1_3 Pin=P1-3
Added Pin To Net: NetName=NetP1_3 Pin=U1-22
Added Net: Name=NetP1_3
Added Pin To Net: NetName=NetP1_4 Pin=P1-4
Added Pin To Net: NetName=NetP1_4 Pin=U1-21
Added Net: Name=NetP1_4
Added Pin To Net: NetName=NetP3_3 Pin=P3-3
Added Pin To Net: NetName=NetP3_3 Pin=U1-20
Added Net: Name=NetP3_3
Added Pin To Net: NetName=NetP3_4 Pin=P3-4
Added Pin To Net: NetName=NetP3_4 Pin=U1-19
Added Net: Name=NetP3_4
Added Pin To Net: NetName=NetP5_1 Pin=P5-1
Added Pin To Net: NetName=NetP5_1 Pin=U3-10
Added Net: Name=NetP5_1
Added Pin To Net: NetName=NetP5_2 Pin=P5-2
Added Pin To Net: NetName=NetP5_2 Pin=U3-9
Added Net: Name=NetP5_2
Added Pin To Net: NetName=NetP5_3 Pin=P5-3
Added Pin To Net: NetName=NetP5_3 Pin=U3-8
Added Net: Name=NetP5_3
Added Pin To Net: NetName=NetP5_4 Pin=P5-4
Added Pin To Net: NetName=NetP5_4 Pin=U3-7
Added Net: Name=NetP5_4
Added Pin To Net: NetName=NetU2_7 Pin=U2-7
Added Pin To Net: NetName=NetU2_7 Pin=U3-14
Added Net: Name=NetU2_7
Added Pin To Net: NetName=NetU2_8 Pin=U2-8
Added Pin To Net: NetName=NetU2_8 Pin=U3-13
Added Net: Name=NetU2_8
Added Pin To Net: NetName=NetU2_9 Pin=U2-9
Added Pin To Net: NetName=NetU2_9 Pin=U3-12
Added Net: Name=NetU2_9
Added Pin To Net: NetName=NetU2_10 Pin=U2-10
Added Pin To Net: NetName=NetU2_10 Pin=U3-11
Added Net: Name=NetU2_10
Added Pin To Net: NetName=SCK Pin=P2-3
Added Pin To Net: NetName=SCK Pin=P8-3
Added Pin To Net: NetName=SCK Pin=U1-16
Added Pin To Net: NetName=SCK Pin=U2-16
Added Net: Name=SCK
Added Pin To Net: NetName=SCL Pin=P7-3
Added Pin To Net: NetName=SCL Pin=U3-24
Added Net: Name=SCL
Added Pin To Net: NetName=SDA Pin=P7-4
Added Pin To Net: NetName=SDA Pin=U3-23
Added Net: Name=SDA
Added Class: Name=Sheet1
Added Class: Name=Sheet2
Added Room: Name=Sheet1
Added Room: Name=Sheet2
