Removed Pin From Net: NetName=GND Pin=P1-1
Removed Pin From Net: NetName=+5 Pin=P1-2
Removed Pin From Net: NetName=MISO Pin=P2-1
Removed Pin From Net: NetName=MOSI Pin=P2-2
Removed Pin From Net: NetName=SCK Pin=P2-3
Removed Pin From Net: NetName=CSN Pin=P2-4
Removed Pin From Net: NetName=CE Pin=P2-5
Removed Pin From Net: NetName=GND Pin=P2-7
Removed Pin From Net: NetName=GND Pin=P3-1
Removed Pin From Net: NetName=+5 Pin=P3-2
Removed Pin From Net: NetName=GND Pin=P4-1
Removed Pin From Net: NetName=+5 Pin=P4-2
Removed Pin From Net: NetName=CE Pin=U1-11
Removed Pin From Net: NetName=CSN Pin=U1-12
Removed Pin From Net: NetName=MOSI Pin=U1-14
Removed Pin From Net: NetName=MISO Pin=U1-15
Removed Pin From Net: NetName=SCK Pin=U1-16
Removed Pin From Net: NetName=+5 Pin=U1-27
Removed Pin From Net: NetName=GND Pin=U1-29
Removed Pin From Net: NetName=+5 Pin=U1-30
